<?xml version="1.0" encoding="UTF-8"?>
<testng-results skipped="0" failed="0" total="1" passed="1">
  <reporter-output>
  </reporter-output>
  <suite name="Default suite" duration-ms="32846" started-at="2019-07-10T15:12:46Z" finished-at="2019-07-10T15:13:19Z">
    <groups>
    </groups>
    <test name="Default test" duration-ms="32846" started-at="2019-07-10T15:12:46Z" finished-at="2019-07-10T15:13:19Z">
      <class name="com.Jenkinstest.JenkinsTest">
        <test-method status="PASS" signature="browserlaunch()[pri:0, instance:com.Jenkinstest.JenkinsTest@5419f379]" name="browserlaunch" duration-ms="32806" started-at="2019-07-10T20:42:46Z" finished-at="2019-07-10T20:43:19Z">
          <reporter-output>
          </reporter-output>
        </test-method> <!-- browserlaunch -->
      </class> <!-- com.Jenkinstest.JenkinsTest -->
    </test> <!-- Default test -->
  </suite> <!-- Default suite -->
</testng-results>
